<?xml version="1.0" encoding="UTF-8"?>
<robot generator="Robot 6.1.1 (Python 3.10.12 on linux)" generated="20231115 22:28:16.237" rpa="false" schemaversion="4">
<suite id="s1" name="Tests" source="/home/hennisep/ohtu2023/palautusrepositorio/viikko3/web-login/src/tests">
<suite id="s1-s1" name="Home" source="/home/hennisep/ohtu2023/palautusrepositorio/viikko3/web-login/src/tests/home.robot">
<kw name="Open And Configure Browser" library="resource" type="SETUP">
<kw name="Evaluate" library="BuiltIn">
<var>${options}</var>
<arg>sys.modules['selenium.webdriver'].ChromeOptions()</arg>
<arg>sys</arg>
<doc>Evaluates the given expression in Python and returns the result.</doc>
<msg timestamp="20231115 22:28:16.386" level="INFO">${options} = &lt;selenium.webdriver.chrome.options.Options object at 0x7f9f319944c0&gt;</msg>
<status status="PASS" starttime="20231115 22:28:16.385" endtime="20231115 22:28:16.386"/>
</kw>
<kw name="Call Method" library="BuiltIn">
<arg>${options}</arg>
<arg>add_argument</arg>
<arg>--headless</arg>
<doc>Calls the named method of the given object with the provided arguments.</doc>
<status status="PASS" starttime="20231115 22:28:16.386" endtime="20231115 22:28:16.386"/>
</kw>
<kw name="Open Browser" library="SeleniumLibrary">
<arg>browser=chrome</arg>
<arg>options=${options}</arg>
<doc>Opens a new browser instance to the optional ``url``.</doc>
<msg timestamp="20231115 22:28:16.387" level="INFO">Opening browser 'chrome' to base url 'None'.</msg>
<status status="PASS" starttime="20231115 22:28:16.386" endtime="20231115 22:28:17.207"/>
</kw>
<kw name="Set Selenium Speed" library="SeleniumLibrary">
<arg>${DELAY}</arg>
<doc>Sets the delay that is waited after each Selenium command.</doc>
<status status="PASS" starttime="20231115 22:28:17.207" endtime="20231115 22:28:17.208"/>
</kw>
<status status="PASS" starttime="20231115 22:28:16.385" endtime="20231115 22:28:17.208"/>
</kw>
<test id="s1-s1-t1" name="Click Login Link" line="8">
<kw name="Go To Starting Page" library="resource" type="SETUP">
<kw name="Go To" library="SeleniumLibrary">
<arg>${HOME_URL}</arg>
<doc>Navigates the current browser window to the provided ``url``.</doc>
<msg timestamp="20231115 22:28:17.209" level="INFO">Opening url 'http://localhost:5001'</msg>
<status status="PASS" starttime="20231115 22:28:17.209" endtime="20231115 22:28:17.240"/>
</kw>
<status status="PASS" starttime="20231115 22:28:17.208" endtime="20231115 22:28:17.240"/>
</kw>
<kw name="Click Link" library="SeleniumLibrary">
<arg>Login</arg>
<doc>Clicks a link identified by ``locator``.</doc>
<msg timestamp="20231115 22:28:17.241" level="INFO">Clicking link 'Login'.</msg>
<status status="PASS" starttime="20231115 22:28:17.241" endtime="20231115 22:28:17.292"/>
</kw>
<kw name="Login Page Should Be Open" library="resource">
<kw name="Title Should Be" library="SeleniumLibrary">
<arg>Login</arg>
<doc>Verifies that the current page title equals ``title``.</doc>
<msg timestamp="20231115 22:28:17.296" level="INFO">Page title is 'Login'.</msg>
<status status="PASS" starttime="20231115 22:28:17.292" endtime="20231115 22:28:17.296"/>
</kw>
<status status="PASS" starttime="20231115 22:28:17.292" endtime="20231115 22:28:17.296"/>
</kw>
<status status="PASS" starttime="20231115 22:28:17.208" endtime="20231115 22:28:17.296"/>
</test>
<test id="s1-s1-t2" name="Click Register Link" line="12">
<kw name="Go To Starting Page" library="resource" type="SETUP">
<kw name="Go To" library="SeleniumLibrary">
<arg>${HOME_URL}</arg>
<doc>Navigates the current browser window to the provided ``url``.</doc>
<msg timestamp="20231115 22:28:17.298" level="INFO">Opening url 'http://localhost:5001'</msg>
<status status="PASS" starttime="20231115 22:28:17.297" endtime="20231115 22:28:17.306"/>
</kw>
<status status="PASS" starttime="20231115 22:28:17.297" endtime="20231115 22:28:17.307"/>
</kw>
<kw name="Click Link" library="SeleniumLibrary">
<arg>Register new user</arg>
<doc>Clicks a link identified by ``locator``.</doc>
<msg timestamp="20231115 22:28:17.307" level="INFO">Clicking link 'Register new user'.</msg>
<status status="PASS" starttime="20231115 22:28:17.307" endtime="20231115 22:28:17.347"/>
</kw>
<kw name="Register Page Should Be Open" library="resource">
<kw name="Title Should Be" library="SeleniumLibrary">
<arg>Register</arg>
<doc>Verifies that the current page title equals ``title``.</doc>
<msg timestamp="20231115 22:28:17.350" level="INFO">Page title is 'Register'.</msg>
<status status="PASS" starttime="20231115 22:28:17.347" endtime="20231115 22:28:17.350"/>
</kw>
<status status="PASS" starttime="20231115 22:28:17.347" endtime="20231115 22:28:17.350"/>
</kw>
<status status="PASS" starttime="20231115 22:28:17.297" endtime="20231115 22:28:17.351"/>
</test>
<kw name="Close Browser" library="SeleniumLibrary" type="TEARDOWN">
<doc>Closes the current browser.</doc>
<status status="PASS" starttime="20231115 22:28:17.351" endtime="20231115 22:28:17.409"/>
</kw>
<status status="PASS" starttime="20231115 22:28:16.252" endtime="20231115 22:28:17.409"/>
</suite>
<suite id="s1-s2" name="Login" source="/home/hennisep/ohtu2023/palautusrepositorio/viikko3/web-login/src/tests/login.robot">
<kw name="Open And Configure Browser" library="resource" type="SETUP">
<kw name="Evaluate" library="BuiltIn">
<var>${options}</var>
<arg>sys.modules['selenium.webdriver'].ChromeOptions()</arg>
<arg>sys</arg>
<doc>Evaluates the given expression in Python and returns the result.</doc>
<msg timestamp="20231115 22:28:17.418" level="INFO">${options} = &lt;selenium.webdriver.chrome.options.Options object at 0x7f9f31995900&gt;</msg>
<status status="PASS" starttime="20231115 22:28:17.417" endtime="20231115 22:28:17.418"/>
</kw>
<kw name="Call Method" library="BuiltIn">
<arg>${options}</arg>
<arg>add_argument</arg>
<arg>--headless</arg>
<doc>Calls the named method of the given object with the provided arguments.</doc>
<status status="PASS" starttime="20231115 22:28:17.418" endtime="20231115 22:28:17.418"/>
</kw>
<kw name="Open Browser" library="SeleniumLibrary">
<arg>browser=chrome</arg>
<arg>options=${options}</arg>
<doc>Opens a new browser instance to the optional ``url``.</doc>
<msg timestamp="20231115 22:28:17.419" level="INFO">Opening browser 'chrome' to base url 'None'.</msg>
<status status="PASS" starttime="20231115 22:28:17.418" endtime="20231115 22:28:18.229"/>
</kw>
<kw name="Set Selenium Speed" library="SeleniumLibrary">
<arg>${DELAY}</arg>
<doc>Sets the delay that is waited after each Selenium command.</doc>
<status status="PASS" starttime="20231115 22:28:18.230" endtime="20231115 22:28:18.230"/>
</kw>
<status status="PASS" starttime="20231115 22:28:17.417" endtime="20231115 22:28:18.230"/>
</kw>
<test id="s1-s2-t1" name="Login With Correct Credentials" line="8">
<kw name="Create User And Go To Login Page" type="SETUP">
<kw name="Create User" library="AppLibrary">
<arg>kalle</arg>
<arg>kalle123</arg>
<status status="PASS" starttime="20231115 22:28:18.231" endtime="20231115 22:28:18.238"/>
</kw>
<kw name="Go To Login Page" library="resource">
<kw name="Go To" library="SeleniumLibrary">
<arg>${LOGIN_URL}</arg>
<doc>Navigates the current browser window to the provided ``url``.</doc>
<msg timestamp="20231115 22:28:18.238" level="INFO">Opening url 'http://localhost:5001/login'</msg>
<status status="PASS" starttime="20231115 22:28:18.238" endtime="20231115 22:28:18.272"/>
</kw>
<status status="PASS" starttime="20231115 22:28:18.238" endtime="20231115 22:28:18.272"/>
</kw>
<kw name="Login Page Should Be Open" library="resource">
<kw name="Title Should Be" library="SeleniumLibrary">
<arg>Login</arg>
<doc>Verifies that the current page title equals ``title``.</doc>
<msg timestamp="20231115 22:28:18.276" level="INFO">Page title is 'Login'.</msg>
<status status="PASS" starttime="20231115 22:28:18.272" endtime="20231115 22:28:18.276"/>
</kw>
<status status="PASS" starttime="20231115 22:28:18.272" endtime="20231115 22:28:18.276"/>
</kw>
<status status="PASS" starttime="20231115 22:28:18.230" endtime="20231115 22:28:18.276"/>
</kw>
<kw name="Set Username">
<arg>kalle</arg>
<kw name="Input Text" library="SeleniumLibrary">
<arg>username</arg>
<arg>${username}</arg>
<doc>Types the given ``text`` into the text field identified by ``locator``.</doc>
<msg timestamp="20231115 22:28:18.277" level="INFO">Typing text 'kalle' into text field 'username'.</msg>
<status status="PASS" starttime="20231115 22:28:18.277" endtime="20231115 22:28:18.345"/>
</kw>
<status status="PASS" starttime="20231115 22:28:18.276" endtime="20231115 22:28:18.345"/>
</kw>
<kw name="Set Password">
<arg>kalle123</arg>
<kw name="Input Password" library="SeleniumLibrary">
<arg>password</arg>
<arg>${password}</arg>
<doc>Types the given password into the text field identified by ``locator``.</doc>
<msg timestamp="20231115 22:28:18.346" level="INFO">Typing password into text field 'password'.</msg>
<msg timestamp="20231115 22:28:18.369" level="INFO">Temporally setting log level to: NONE</msg>
<msg timestamp="20231115 22:28:18.395" level="INFO">Log level changed from NONE to INFO.</msg>
<status status="PASS" starttime="20231115 22:28:18.345" endtime="20231115 22:28:18.395"/>
</kw>
<status status="PASS" starttime="20231115 22:28:18.345" endtime="20231115 22:28:18.395"/>
</kw>
<kw name="Submit Credentials">
<kw name="Click Button" library="SeleniumLibrary">
<arg>Login</arg>
<doc>Clicks the button identified by ``locator``.</doc>
<msg timestamp="20231115 22:28:18.396" level="INFO">Clicking button 'Login'.</msg>
<status status="PASS" starttime="20231115 22:28:18.396" endtime="20231115 22:28:18.445"/>
</kw>
<status status="PASS" starttime="20231115 22:28:18.396" endtime="20231115 22:28:18.446"/>
</kw>
<kw name="Login Should Succeed">
<kw name="Main Page Should Be Open" library="resource">
<kw name="Title Should Be" library="SeleniumLibrary">
<arg>Ohtu Application main page</arg>
<doc>Verifies that the current page title equals ``title``.</doc>
<msg timestamp="20231115 22:28:18.450" level="INFO">Page title is 'Ohtu Application main page'.</msg>
<status status="PASS" starttime="20231115 22:28:18.446" endtime="20231115 22:28:18.450"/>
</kw>
<status status="PASS" starttime="20231115 22:28:18.446" endtime="20231115 22:28:18.450"/>
</kw>
<status status="PASS" starttime="20231115 22:28:18.446" endtime="20231115 22:28:18.450"/>
</kw>
<status status="PASS" starttime="20231115 22:28:18.230" endtime="20231115 22:28:18.450"/>
</test>
<test id="s1-s2-t2" name="Login With Incorrect Password" line="14">
<kw name="Create User And Go To Login Page" type="SETUP">
<kw name="Create User" library="AppLibrary">
<arg>kalle</arg>
<arg>kalle123</arg>
<status status="PASS" starttime="20231115 22:28:18.451" endtime="20231115 22:28:18.458"/>
</kw>
<kw name="Go To Login Page" library="resource">
<kw name="Go To" library="SeleniumLibrary">
<arg>${LOGIN_URL}</arg>
<doc>Navigates the current browser window to the provided ``url``.</doc>
<msg timestamp="20231115 22:28:18.459" level="INFO">Opening url 'http://localhost:5001/login'</msg>
<status status="PASS" starttime="20231115 22:28:18.458" endtime="20231115 22:28:18.468"/>
</kw>
<status status="PASS" starttime="20231115 22:28:18.458" endtime="20231115 22:28:18.468"/>
</kw>
<kw name="Login Page Should Be Open" library="resource">
<kw name="Title Should Be" library="SeleniumLibrary">
<arg>Login</arg>
<doc>Verifies that the current page title equals ``title``.</doc>
<msg timestamp="20231115 22:28:18.471" level="INFO">Page title is 'Login'.</msg>
<status status="PASS" starttime="20231115 22:28:18.468" endtime="20231115 22:28:18.471"/>
</kw>
<status status="PASS" starttime="20231115 22:28:18.468" endtime="20231115 22:28:18.471"/>
</kw>
<status status="PASS" starttime="20231115 22:28:18.451" endtime="20231115 22:28:18.471"/>
</kw>
<kw name="Set Username">
<arg>kalle</arg>
<kw name="Input Text" library="SeleniumLibrary">
<arg>username</arg>
<arg>${username}</arg>
<doc>Types the given ``text`` into the text field identified by ``locator``.</doc>
<msg timestamp="20231115 22:28:18.472" level="INFO">Typing text 'kalle' into text field 'username'.</msg>
<status status="PASS" starttime="20231115 22:28:18.472" endtime="20231115 22:28:18.517"/>
</kw>
<status status="PASS" starttime="20231115 22:28:18.471" endtime="20231115 22:28:18.517"/>
</kw>
<kw name="Set Password">
<arg>kalle456</arg>
<kw name="Input Password" library="SeleniumLibrary">
<arg>password</arg>
<arg>${password}</arg>
<doc>Types the given password into the text field identified by ``locator``.</doc>
<msg timestamp="20231115 22:28:18.518" level="INFO">Typing password into text field 'password'.</msg>
<msg timestamp="20231115 22:28:18.539" level="INFO">Temporally setting log level to: NONE</msg>
<msg timestamp="20231115 22:28:18.563" level="INFO">Log level changed from NONE to INFO.</msg>
<status status="PASS" starttime="20231115 22:28:18.518" endtime="20231115 22:28:18.563"/>
</kw>
<status status="PASS" starttime="20231115 22:28:18.517" endtime="20231115 22:28:18.563"/>
</kw>
<kw name="Submit Credentials">
<kw name="Click Button" library="SeleniumLibrary">
<arg>Login</arg>
<doc>Clicks the button identified by ``locator``.</doc>
<msg timestamp="20231115 22:28:18.564" level="INFO">Clicking button 'Login'.</msg>
<status status="PASS" starttime="20231115 22:28:18.564" endtime="20231115 22:28:18.603"/>
</kw>
<status status="PASS" starttime="20231115 22:28:18.563" endtime="20231115 22:28:18.603"/>
</kw>
<kw name="Login Should Fail With Message">
<arg>Invalid username or password</arg>
<kw name="Login Page Should Be Open" library="resource">
<kw name="Title Should Be" library="SeleniumLibrary">
<arg>Login</arg>
<doc>Verifies that the current page title equals ``title``.</doc>
<msg timestamp="20231115 22:28:18.606" level="INFO">Page title is 'Login'.</msg>
<status status="PASS" starttime="20231115 22:28:18.604" endtime="20231115 22:28:18.606"/>
</kw>
<status status="PASS" starttime="20231115 22:28:18.603" endtime="20231115 22:28:18.606"/>
</kw>
<kw name="Page Should Contain" library="SeleniumLibrary">
<arg>${message}</arg>
<doc>Verifies that current page contains ``text``.</doc>
<msg timestamp="20231115 22:28:18.617" level="INFO">Current page contains text 'Invalid username or password'.</msg>
<status status="PASS" starttime="20231115 22:28:18.606" endtime="20231115 22:28:18.617"/>
</kw>
<status status="PASS" starttime="20231115 22:28:18.603" endtime="20231115 22:28:18.617"/>
</kw>
<status status="PASS" starttime="20231115 22:28:18.450" endtime="20231115 22:28:18.617"/>
</test>
<test id="s1-s2-t3" name="Login With Nonexistent Username" line="20">
<kw name="Create User And Go To Login Page" type="SETUP">
<kw name="Create User" library="AppLibrary">
<arg>kalle</arg>
<arg>kalle123</arg>
<status status="PASS" starttime="20231115 22:28:18.618" endtime="20231115 22:28:18.626"/>
</kw>
<kw name="Go To Login Page" library="resource">
<kw name="Go To" library="SeleniumLibrary">
<arg>${LOGIN_URL}</arg>
<doc>Navigates the current browser window to the provided ``url``.</doc>
<msg timestamp="20231115 22:28:18.627" level="INFO">Opening url 'http://localhost:5001/login'</msg>
<status status="PASS" starttime="20231115 22:28:18.627" endtime="20231115 22:28:18.636"/>
</kw>
<status status="PASS" starttime="20231115 22:28:18.626" endtime="20231115 22:28:18.637"/>
</kw>
<kw name="Login Page Should Be Open" library="resource">
<kw name="Title Should Be" library="SeleniumLibrary">
<arg>Login</arg>
<doc>Verifies that the current page title equals ``title``.</doc>
<msg timestamp="20231115 22:28:18.639" level="INFO">Page title is 'Login'.</msg>
<status status="PASS" starttime="20231115 22:28:18.637" endtime="20231115 22:28:18.640"/>
</kw>
<status status="PASS" starttime="20231115 22:28:18.637" endtime="20231115 22:28:18.640"/>
</kw>
<status status="PASS" starttime="20231115 22:28:18.618" endtime="20231115 22:28:18.640"/>
</kw>
<kw name="Set Username">
<arg>väärä</arg>
<kw name="Input Text" library="SeleniumLibrary">
<arg>username</arg>
<arg>${username}</arg>
<doc>Types the given ``text`` into the text field identified by ``locator``.</doc>
<msg timestamp="20231115 22:28:18.641" level="INFO">Typing text 'väärä' into text field 'username'.</msg>
<status status="PASS" starttime="20231115 22:28:18.640" endtime="20231115 22:28:18.684"/>
</kw>
<status status="PASS" starttime="20231115 22:28:18.640" endtime="20231115 22:28:18.684"/>
</kw>
<kw name="Set Password">
<arg>väärätämäkin</arg>
<kw name="Input Password" library="SeleniumLibrary">
<arg>password</arg>
<arg>${password}</arg>
<doc>Types the given password into the text field identified by ``locator``.</doc>
<msg timestamp="20231115 22:28:18.685" level="INFO">Typing password into text field 'password'.</msg>
<msg timestamp="20231115 22:28:18.706" level="INFO">Temporally setting log level to: NONE</msg>
<msg timestamp="20231115 22:28:18.731" level="INFO">Log level changed from NONE to INFO.</msg>
<status status="PASS" starttime="20231115 22:28:18.684" endtime="20231115 22:28:18.731"/>
</kw>
<status status="PASS" starttime="20231115 22:28:18.684" endtime="20231115 22:28:18.731"/>
</kw>
<kw name="Submit Credentials">
<kw name="Click Button" library="SeleniumLibrary">
<arg>Login</arg>
<doc>Clicks the button identified by ``locator``.</doc>
<msg timestamp="20231115 22:28:18.732" level="INFO">Clicking button 'Login'.</msg>
<status status="PASS" starttime="20231115 22:28:18.732" endtime="20231115 22:28:18.771"/>
</kw>
<status status="PASS" starttime="20231115 22:28:18.731" endtime="20231115 22:28:18.771"/>
</kw>
<kw name="Login Should Fail With Message">
<arg>Invalid username or password</arg>
<kw name="Login Page Should Be Open" library="resource">
<kw name="Title Should Be" library="SeleniumLibrary">
<arg>Login</arg>
<doc>Verifies that the current page title equals ``title``.</doc>
<msg timestamp="20231115 22:28:18.775" level="INFO">Page title is 'Login'.</msg>
<status status="PASS" starttime="20231115 22:28:18.772" endtime="20231115 22:28:18.775"/>
</kw>
<status status="PASS" starttime="20231115 22:28:18.772" endtime="20231115 22:28:18.775"/>
</kw>
<kw name="Page Should Contain" library="SeleniumLibrary">
<arg>${message}</arg>
<doc>Verifies that current page contains ``text``.</doc>
<msg timestamp="20231115 22:28:18.783" level="INFO">Current page contains text 'Invalid username or password'.</msg>
<status status="PASS" starttime="20231115 22:28:18.775" endtime="20231115 22:28:18.783"/>
</kw>
<status status="PASS" starttime="20231115 22:28:18.771" endtime="20231115 22:28:18.783"/>
</kw>
<status status="PASS" starttime="20231115 22:28:18.617" endtime="20231115 22:28:18.783"/>
</test>
<kw name="Close Browser" library="SeleniumLibrary" type="TEARDOWN">
<doc>Closes the current browser.</doc>
<status status="PASS" starttime="20231115 22:28:18.784" endtime="20231115 22:28:18.844"/>
</kw>
<status status="PASS" starttime="20231115 22:28:17.411" endtime="20231115 22:28:18.844"/>
</suite>
<status status="PASS" starttime="20231115 22:28:16.238" endtime="20231115 22:28:18.845"/>
</suite>
<statistics>
<total>
<stat pass="5" fail="0" skip="0">All Tests</stat>
</total>
<tag>
</tag>
<suite>
<stat pass="5" fail="0" skip="0" id="s1" name="Tests">Tests</stat>
<stat pass="2" fail="0" skip="0" id="s1-s1" name="Home">Tests.Home</stat>
<stat pass="3" fail="0" skip="0" id="s1-s2" name="Login">Tests.Login</stat>
</suite>
</statistics>
<errors>
</errors>
</robot>
