<?xml version="1.0" encoding="UTF-8"?>
<robot generator="Robot 6.1.1 (Python 3.10.12 on linux)" generated="20231115 18:01:10.833" rpa="false" schemaversion="4">
<suite id="s1" name="Tests" source="/home/hennisep/ohtu2023/palautusrepositorio/viikko3/login-robot/src/tests">
<suite id="s1-s1" name="Login" source="/home/hennisep/ohtu2023/palautusrepositorio/viikko3/login-robot/src/tests/login.robot">
<test id="s1-s1-t1" name="Login With Correct Credentials" line="6">
<kw name="Create User And Input Login Command" type="SETUP">
<kw name="Create User" library="AppLibrary">
<arg>kalle</arg>
<arg>kalle123</arg>
<status status="PASS" starttime="20231115 18:01:10.853" endtime="20231115 18:01:10.853"/>
</kw>
<kw name="Input Login Command" library="resource">
<kw name="Input" library="AppLibrary">
<arg>login</arg>
<status status="PASS" starttime="20231115 18:01:10.853" endtime="20231115 18:01:10.853"/>
</kw>
<status status="PASS" starttime="20231115 18:01:10.853" endtime="20231115 18:01:10.853"/>
</kw>
<status status="PASS" starttime="20231115 18:01:10.853" endtime="20231115 18:01:10.853"/>
</kw>
<kw name="Input Credentials" library="resource">
<arg>kalle</arg>
<arg>kalle123</arg>
<kw name="Input" library="AppLibrary">
<arg>${username}</arg>
<status status="PASS" starttime="20231115 18:01:10.854" endtime="20231115 18:01:10.854"/>
</kw>
<kw name="Input" library="AppLibrary">
<arg>${password}</arg>
<status status="PASS" starttime="20231115 18:01:10.854" endtime="20231115 18:01:10.854"/>
</kw>
<kw name="Run Application" library="AppLibrary">
<status status="PASS" starttime="20231115 18:01:10.854" endtime="20231115 18:01:10.854"/>
</kw>
<status status="PASS" starttime="20231115 18:01:10.853" endtime="20231115 18:01:10.854"/>
</kw>
<kw name="Output Should Contain" library="AppLibrary">
<arg>Logged in</arg>
<status status="PASS" starttime="20231115 18:01:10.854" endtime="20231115 18:01:10.854"/>
</kw>
<status status="PASS" starttime="20231115 18:01:10.852" endtime="20231115 18:01:10.855"/>
</test>
<test id="s1-s1-t2" name="Login With Incorrect Password" line="10">
<kw name="Create User And Input Login Command" type="SETUP">
<kw name="Create User" library="AppLibrary">
<arg>kalle</arg>
<arg>kalle123</arg>
<status status="PASS" starttime="20231115 18:01:10.855" endtime="20231115 18:01:10.855"/>
</kw>
<kw name="Input Login Command" library="resource">
<kw name="Input" library="AppLibrary">
<arg>login</arg>
<status status="PASS" starttime="20231115 18:01:10.856" endtime="20231115 18:01:10.856"/>
</kw>
<status status="PASS" starttime="20231115 18:01:10.855" endtime="20231115 18:01:10.856"/>
</kw>
<status status="PASS" starttime="20231115 18:01:10.855" endtime="20231115 18:01:10.856"/>
</kw>
<kw name="Input Credentials" library="resource">
<arg>wrong</arg>
<arg>jee</arg>
<kw name="Input" library="AppLibrary">
<arg>${username}</arg>
<status status="PASS" starttime="20231115 18:01:10.856" endtime="20231115 18:01:10.856"/>
</kw>
<kw name="Input" library="AppLibrary">
<arg>${password}</arg>
<status status="PASS" starttime="20231115 18:01:10.856" endtime="20231115 18:01:10.856"/>
</kw>
<kw name="Run Application" library="AppLibrary">
<status status="PASS" starttime="20231115 18:01:10.856" endtime="20231115 18:01:10.856"/>
</kw>
<status status="PASS" starttime="20231115 18:01:10.856" endtime="20231115 18:01:10.856"/>
</kw>
<kw name="Output Should Contain" library="AppLibrary">
<arg>Invalid username or password</arg>
<status status="PASS" starttime="20231115 18:01:10.856" endtime="20231115 18:01:10.857"/>
</kw>
<status status="PASS" starttime="20231115 18:01:10.855" endtime="20231115 18:01:10.857"/>
</test>
<test id="s1-s1-t3" name="Login With Nonexistent Username" line="15">
<kw name="Create User And Input Login Command" type="SETUP">
<kw name="Create User" library="AppLibrary">
<arg>kalle</arg>
<arg>kalle123</arg>
<status status="PASS" starttime="20231115 18:01:10.857" endtime="20231115 18:01:10.857"/>
</kw>
<kw name="Input Login Command" library="resource">
<kw name="Input" library="AppLibrary">
<arg>login</arg>
<status status="PASS" starttime="20231115 18:01:10.857" endtime="20231115 18:01:10.858"/>
</kw>
<status status="PASS" starttime="20231115 18:01:10.857" endtime="20231115 18:01:10.858"/>
</kw>
<status status="PASS" starttime="20231115 18:01:10.857" endtime="20231115 18:01:10.858"/>
</kw>
<kw name="Input Credentials" library="resource">
<arg>wrong</arg>
<arg>jee</arg>
<kw name="Input" library="AppLibrary">
<arg>${username}</arg>
<status status="PASS" starttime="20231115 18:01:10.858" endtime="20231115 18:01:10.858"/>
</kw>
<kw name="Input" library="AppLibrary">
<arg>${password}</arg>
<status status="PASS" starttime="20231115 18:01:10.858" endtime="20231115 18:01:10.858"/>
</kw>
<kw name="Run Application" library="AppLibrary">
<status status="PASS" starttime="20231115 18:01:10.858" endtime="20231115 18:01:10.858"/>
</kw>
<status status="PASS" starttime="20231115 18:01:10.858" endtime="20231115 18:01:10.858"/>
</kw>
<kw name="Output Should Contain" library="AppLibrary">
<arg>Invalid username or password</arg>
<status status="PASS" starttime="20231115 18:01:10.858" endtime="20231115 18:01:10.859"/>
</kw>
<status status="PASS" starttime="20231115 18:01:10.857" endtime="20231115 18:01:10.859"/>
</test>
<status status="PASS" starttime="20231115 18:01:10.848" endtime="20231115 18:01:10.859"/>
</suite>
<status status="PASS" starttime="20231115 18:01:10.834" endtime="20231115 18:01:10.859"/>
</suite>
<statistics>
<total>
<stat pass="3" fail="0" skip="0">All Tests</stat>
</total>
<tag>
</tag>
<suite>
<stat pass="3" fail="0" skip="0" id="s1" name="Tests">Tests</stat>
<stat pass="3" fail="0" skip="0" id="s1-s1" name="Login">Tests.Login</stat>
</suite>
</statistics>
<errors>
</errors>
</robot>
