<?xml version="1.0" encoding="UTF-8"?>
<robot generator="Robot 6.1.1 (Python 3.10.12 on linux)" generated="20231115 20:13:32.613" rpa="false" schemaversion="4">
<suite id="s1" name="Tests" source="/home/hennisep/ohtu2023/palautusrepositorio/viikko3/login-robot/src/tests">
<suite id="s1-s1" name="Login" source="/home/hennisep/ohtu2023/palautusrepositorio/viikko3/login-robot/src/tests/login.robot">
<test id="s1-s1-t1" name="Login With Correct Credentials" line="6">
<kw name="Create User And Input Login Command" type="SETUP">
<kw name="Create User" library="AppLibrary">
<arg>kalle</arg>
<arg>kalle123</arg>
<status status="PASS" starttime="20231115 20:13:32.633" endtime="20231115 20:13:32.633"/>
</kw>
<kw name="Input Login Command" library="resource">
<kw name="Input" library="AppLibrary">
<arg>login</arg>
<status status="PASS" starttime="20231115 20:13:32.634" endtime="20231115 20:13:32.634"/>
</kw>
<status status="PASS" starttime="20231115 20:13:32.634" endtime="20231115 20:13:32.634"/>
</kw>
<status status="PASS" starttime="20231115 20:13:32.633" endtime="20231115 20:13:32.634"/>
</kw>
<kw name="Input Credentials" library="resource">
<arg>kalle</arg>
<arg>kalle123</arg>
<kw name="Input" library="AppLibrary">
<arg>${username}</arg>
<status status="PASS" starttime="20231115 20:13:32.634" endtime="20231115 20:13:32.635"/>
</kw>
<kw name="Input" library="AppLibrary">
<arg>${password}</arg>
<status status="PASS" starttime="20231115 20:13:32.635" endtime="20231115 20:13:32.635"/>
</kw>
<kw name="Run Application" library="AppLibrary">
<status status="PASS" starttime="20231115 20:13:32.635" endtime="20231115 20:13:32.635"/>
</kw>
<status status="PASS" starttime="20231115 20:13:32.634" endtime="20231115 20:13:32.635"/>
</kw>
<kw name="Output Should Contain" library="AppLibrary">
<arg>Logged in</arg>
<status status="PASS" starttime="20231115 20:13:32.635" endtime="20231115 20:13:32.635"/>
</kw>
<status status="PASS" starttime="20231115 20:13:32.633" endtime="20231115 20:13:32.635"/>
</test>
<test id="s1-s1-t2" name="Login With Incorrect Password" line="10">
<kw name="Create User And Input Login Command" type="SETUP">
<kw name="Create User" library="AppLibrary">
<arg>kalle</arg>
<arg>kalle123</arg>
<status status="PASS" starttime="20231115 20:13:32.636" endtime="20231115 20:13:32.636"/>
</kw>
<kw name="Input Login Command" library="resource">
<kw name="Input" library="AppLibrary">
<arg>login</arg>
<status status="PASS" starttime="20231115 20:13:32.636" endtime="20231115 20:13:32.636"/>
</kw>
<status status="PASS" starttime="20231115 20:13:32.636" endtime="20231115 20:13:32.636"/>
</kw>
<status status="PASS" starttime="20231115 20:13:32.636" endtime="20231115 20:13:32.636"/>
</kw>
<kw name="Input Credentials" library="resource">
<arg>kalle</arg>
<arg>jee</arg>
<kw name="Input" library="AppLibrary">
<arg>${username}</arg>
<status status="PASS" starttime="20231115 20:13:32.636" endtime="20231115 20:13:32.636"/>
</kw>
<kw name="Input" library="AppLibrary">
<arg>${password}</arg>
<status status="PASS" starttime="20231115 20:13:32.637" endtime="20231115 20:13:32.637"/>
</kw>
<kw name="Run Application" library="AppLibrary">
<status status="PASS" starttime="20231115 20:13:32.637" endtime="20231115 20:13:32.637"/>
</kw>
<status status="PASS" starttime="20231115 20:13:32.636" endtime="20231115 20:13:32.637"/>
</kw>
<kw name="Output Should Contain" library="AppLibrary">
<arg>Invalid username or password</arg>
<status status="PASS" starttime="20231115 20:13:32.637" endtime="20231115 20:13:32.637"/>
</kw>
<status status="PASS" starttime="20231115 20:13:32.635" endtime="20231115 20:13:32.637"/>
</test>
<test id="s1-s1-t3" name="Login With Nonexistent Username" line="15">
<kw name="Create User And Input Login Command" type="SETUP">
<kw name="Create User" library="AppLibrary">
<arg>kalle</arg>
<arg>kalle123</arg>
<status status="PASS" starttime="20231115 20:13:32.638" endtime="20231115 20:13:32.638"/>
</kw>
<kw name="Input Login Command" library="resource">
<kw name="Input" library="AppLibrary">
<arg>login</arg>
<status status="PASS" starttime="20231115 20:13:32.638" endtime="20231115 20:13:32.638"/>
</kw>
<status status="PASS" starttime="20231115 20:13:32.638" endtime="20231115 20:13:32.638"/>
</kw>
<status status="PASS" starttime="20231115 20:13:32.637" endtime="20231115 20:13:32.638"/>
</kw>
<kw name="Input Credentials" library="resource">
<arg>wrong</arg>
<arg>kalle123</arg>
<kw name="Input" library="AppLibrary">
<arg>${username}</arg>
<status status="PASS" starttime="20231115 20:13:32.638" endtime="20231115 20:13:32.638"/>
</kw>
<kw name="Input" library="AppLibrary">
<arg>${password}</arg>
<status status="PASS" starttime="20231115 20:13:32.638" endtime="20231115 20:13:32.639"/>
</kw>
<kw name="Run Application" library="AppLibrary">
<status status="PASS" starttime="20231115 20:13:32.639" endtime="20231115 20:13:32.639"/>
</kw>
<status status="PASS" starttime="20231115 20:13:32.638" endtime="20231115 20:13:32.639"/>
</kw>
<kw name="Output Should Contain" library="AppLibrary">
<arg>Invalid username or password</arg>
<status status="PASS" starttime="20231115 20:13:32.639" endtime="20231115 20:13:32.639"/>
</kw>
<status status="PASS" starttime="20231115 20:13:32.637" endtime="20231115 20:13:32.639"/>
</test>
<status status="PASS" starttime="20231115 20:13:32.628" endtime="20231115 20:13:32.639"/>
</suite>
<suite id="s1-s2" name="Register" source="/home/hennisep/ohtu2023/palautusrepositorio/viikko3/login-robot/src/tests/register.robot">
<test id="s1-s2-t1" name="Register With Valid Username And Password" line="6">
<kw name="Create New Command And Create User" type="SETUP">
<kw name="Create User" library="AppLibrary">
<arg>hennipenni</arg>
<arg>moikkuli123</arg>
<status status="PASS" starttime="20231115 20:13:32.642" endtime="20231115 20:13:32.642"/>
</kw>
<kw name="Input New Command" library="resource">
<kw name="Input" library="AppLibrary">
<arg>new</arg>
<status status="PASS" starttime="20231115 20:13:32.643" endtime="20231115 20:13:32.643"/>
</kw>
<status status="PASS" starttime="20231115 20:13:32.642" endtime="20231115 20:13:32.643"/>
</kw>
<status status="PASS" starttime="20231115 20:13:32.642" endtime="20231115 20:13:32.643"/>
</kw>
<kw name="Input Credentials" library="resource">
<arg>hhhenni</arg>
<arg>moikkuli123</arg>
<kw name="Input" library="AppLibrary">
<arg>${username}</arg>
<status status="PASS" starttime="20231115 20:13:32.643" endtime="20231115 20:13:32.643"/>
</kw>
<kw name="Input" library="AppLibrary">
<arg>${password}</arg>
<status status="PASS" starttime="20231115 20:13:32.643" endtime="20231115 20:13:32.643"/>
</kw>
<kw name="Run Application" library="AppLibrary">
<status status="PASS" starttime="20231115 20:13:32.643" endtime="20231115 20:13:32.643"/>
</kw>
<status status="PASS" starttime="20231115 20:13:32.643" endtime="20231115 20:13:32.643"/>
</kw>
<kw name="Output Should Contain" library="AppLibrary">
<arg>New user registered</arg>
<status status="PASS" starttime="20231115 20:13:32.644" endtime="20231115 20:13:32.644"/>
</kw>
<status status="PASS" starttime="20231115 20:13:32.642" endtime="20231115 20:13:32.644"/>
</test>
<test id="s1-s2-t2" name="Register With Already Taken Username And Valid Password" line="10">
<kw name="Create New Command And Create User" type="SETUP">
<kw name="Create User" library="AppLibrary">
<arg>hennipenni</arg>
<arg>moikkuli123</arg>
<status status="PASS" starttime="20231115 20:13:32.644" endtime="20231115 20:13:32.644"/>
</kw>
<kw name="Input New Command" library="resource">
<kw name="Input" library="AppLibrary">
<arg>new</arg>
<status status="PASS" starttime="20231115 20:13:32.645" endtime="20231115 20:13:32.645"/>
</kw>
<status status="PASS" starttime="20231115 20:13:32.644" endtime="20231115 20:13:32.645"/>
</kw>
<status status="PASS" starttime="20231115 20:13:32.644" endtime="20231115 20:13:32.645"/>
</kw>
<kw name="Input Credentials" library="resource">
<arg>hennipenni</arg>
<arg>salasana1</arg>
<kw name="Input" library="AppLibrary">
<arg>${username}</arg>
<status status="PASS" starttime="20231115 20:13:32.645" endtime="20231115 20:13:32.645"/>
</kw>
<kw name="Input" library="AppLibrary">
<arg>${password}</arg>
<status status="PASS" starttime="20231115 20:13:32.645" endtime="20231115 20:13:32.645"/>
</kw>
<kw name="Run Application" library="AppLibrary">
<status status="PASS" starttime="20231115 20:13:32.645" endtime="20231115 20:13:32.645"/>
</kw>
<status status="PASS" starttime="20231115 20:13:32.645" endtime="20231115 20:13:32.645"/>
</kw>
<kw name="Output Should Contain" library="AppLibrary">
<arg>User with username hennipenni already exists</arg>
<status status="PASS" starttime="20231115 20:13:32.646" endtime="20231115 20:13:32.646"/>
</kw>
<status status="PASS" starttime="20231115 20:13:32.644" endtime="20231115 20:13:32.646"/>
</test>
<test id="s1-s2-t3" name="Register With Too Short Username And Valid Password" line="14">
<kw name="Create New Command And Create User" type="SETUP">
<kw name="Create User" library="AppLibrary">
<arg>hennipenni</arg>
<arg>moikkuli123</arg>
<status status="PASS" starttime="20231115 20:13:32.646" endtime="20231115 20:13:32.646"/>
</kw>
<kw name="Input New Command" library="resource">
<kw name="Input" library="AppLibrary">
<arg>new</arg>
<status status="PASS" starttime="20231115 20:13:32.647" endtime="20231115 20:13:32.647"/>
</kw>
<status status="PASS" starttime="20231115 20:13:32.647" endtime="20231115 20:13:32.647"/>
</kw>
<status status="PASS" starttime="20231115 20:13:32.646" endtime="20231115 20:13:32.647"/>
</kw>
<kw name="Input Credentials" library="resource">
<arg>he</arg>
<arg>salasana1</arg>
<kw name="Input" library="AppLibrary">
<arg>${username}</arg>
<status status="PASS" starttime="20231115 20:13:32.647" endtime="20231115 20:13:32.647"/>
</kw>
<kw name="Input" library="AppLibrary">
<arg>${password}</arg>
<status status="PASS" starttime="20231115 20:13:32.647" endtime="20231115 20:13:32.647"/>
</kw>
<kw name="Run Application" library="AppLibrary">
<status status="PASS" starttime="20231115 20:13:32.647" endtime="20231115 20:13:32.647"/>
</kw>
<status status="PASS" starttime="20231115 20:13:32.647" endtime="20231115 20:13:32.648"/>
</kw>
<kw name="Output Should Contain" library="AppLibrary">
<arg>Username is too short</arg>
<status status="PASS" starttime="20231115 20:13:32.648" endtime="20231115 20:13:32.648"/>
</kw>
<status status="PASS" starttime="20231115 20:13:32.646" endtime="20231115 20:13:32.648"/>
</test>
<test id="s1-s2-t4" name="Register With Enough Long But Invalid Username And Valid Password" line="18">
<kw name="Create New Command And Create User" type="SETUP">
<kw name="Create User" library="AppLibrary">
<arg>hennipenni</arg>
<arg>moikkuli123</arg>
<status status="PASS" starttime="20231115 20:13:32.648" endtime="20231115 20:13:32.648"/>
</kw>
<kw name="Input New Command" library="resource">
<kw name="Input" library="AppLibrary">
<arg>new</arg>
<status status="PASS" starttime="20231115 20:13:32.649" endtime="20231115 20:13:32.649"/>
</kw>
<status status="PASS" starttime="20231115 20:13:32.648" endtime="20231115 20:13:32.649"/>
</kw>
<status status="PASS" starttime="20231115 20:13:32.648" endtime="20231115 20:13:32.649"/>
</kw>
<kw name="Input Credentials" library="resource">
<arg>henzzuu123</arg>
<arg>salasana1</arg>
<kw name="Input" library="AppLibrary">
<arg>${username}</arg>
<status status="PASS" starttime="20231115 20:13:32.649" endtime="20231115 20:13:32.649"/>
</kw>
<kw name="Input" library="AppLibrary">
<arg>${password}</arg>
<status status="PASS" starttime="20231115 20:13:32.649" endtime="20231115 20:13:32.649"/>
</kw>
<kw name="Run Application" library="AppLibrary">
<status status="PASS" starttime="20231115 20:13:32.649" endtime="20231115 20:13:32.649"/>
</kw>
<status status="PASS" starttime="20231115 20:13:32.649" endtime="20231115 20:13:32.649"/>
</kw>
<kw name="Output Should Contain" library="AppLibrary">
<arg>Username needs to only contain letters a-z</arg>
<status status="PASS" starttime="20231115 20:13:32.649" endtime="20231115 20:13:32.649"/>
</kw>
<status status="PASS" starttime="20231115 20:13:32.648" endtime="20231115 20:13:32.650"/>
</test>
<test id="s1-s2-t5" name="Register With Valid Username And Too Short Password" line="22">
<kw name="Create New Command And Create User" type="SETUP">
<kw name="Create User" library="AppLibrary">
<arg>hennipenni</arg>
<arg>moikkuli123</arg>
<status status="PASS" starttime="20231115 20:13:32.650" endtime="20231115 20:13:32.650"/>
</kw>
<kw name="Input New Command" library="resource">
<kw name="Input" library="AppLibrary">
<arg>new</arg>
<status status="PASS" starttime="20231115 20:13:32.650" endtime="20231115 20:13:32.650"/>
</kw>
<status status="PASS" starttime="20231115 20:13:32.650" endtime="20231115 20:13:32.650"/>
</kw>
<status status="PASS" starttime="20231115 20:13:32.650" endtime="20231115 20:13:32.650"/>
</kw>
<kw name="Input Credentials" library="resource">
<arg>hehenni</arg>
<arg>sala1</arg>
<kw name="Input" library="AppLibrary">
<arg>${username}</arg>
<status status="PASS" starttime="20231115 20:13:32.651" endtime="20231115 20:13:32.651"/>
</kw>
<kw name="Input" library="AppLibrary">
<arg>${password}</arg>
<status status="PASS" starttime="20231115 20:13:32.651" endtime="20231115 20:13:32.651"/>
</kw>
<kw name="Run Application" library="AppLibrary">
<status status="PASS" starttime="20231115 20:13:32.651" endtime="20231115 20:13:32.651"/>
</kw>
<status status="PASS" starttime="20231115 20:13:32.651" endtime="20231115 20:13:32.651"/>
</kw>
<kw name="Output Should Contain" library="AppLibrary">
<arg>Password is too short</arg>
<status status="PASS" starttime="20231115 20:13:32.651" endtime="20231115 20:13:32.651"/>
</kw>
<status status="PASS" starttime="20231115 20:13:32.650" endtime="20231115 20:13:32.651"/>
</test>
<test id="s1-s2-t6" name="Register With Valid Username And Long Enough Password Containing Only Letters" line="26">
<kw name="Create New Command And Create User" type="SETUP">
<kw name="Create User" library="AppLibrary">
<arg>hennipenni</arg>
<arg>moikkuli123</arg>
<status status="PASS" starttime="20231115 20:13:32.652" endtime="20231115 20:13:32.652"/>
</kw>
<kw name="Input New Command" library="resource">
<kw name="Input" library="AppLibrary">
<arg>new</arg>
<status status="PASS" starttime="20231115 20:13:32.652" endtime="20231115 20:13:32.652"/>
</kw>
<status status="PASS" starttime="20231115 20:13:32.652" endtime="20231115 20:13:32.652"/>
</kw>
<status status="PASS" starttime="20231115 20:13:32.652" endtime="20231115 20:13:32.652"/>
</kw>
<kw name="Input Credentials" library="resource">
<arg>hehehenni</arg>
<arg>salasalas</arg>
<kw name="Input" library="AppLibrary">
<arg>${username}</arg>
<status status="PASS" starttime="20231115 20:13:32.653" endtime="20231115 20:13:32.653"/>
</kw>
<kw name="Input" library="AppLibrary">
<arg>${password}</arg>
<status status="PASS" starttime="20231115 20:13:32.653" endtime="20231115 20:13:32.653"/>
</kw>
<kw name="Run Application" library="AppLibrary">
<status status="PASS" starttime="20231115 20:13:32.653" endtime="20231115 20:13:32.653"/>
</kw>
<status status="PASS" starttime="20231115 20:13:32.652" endtime="20231115 20:13:32.653"/>
</kw>
<kw name="Output Should Contain" library="AppLibrary">
<arg>Password can't only contain letters a-z. Add i.e number</arg>
<status status="PASS" starttime="20231115 20:13:32.653" endtime="20231115 20:13:32.653"/>
</kw>
<status status="PASS" starttime="20231115 20:13:32.651" endtime="20231115 20:13:32.653"/>
</test>
<status status="PASS" starttime="20231115 20:13:32.640" endtime="20231115 20:13:32.653"/>
</suite>
<status status="PASS" starttime="20231115 20:13:32.614" endtime="20231115 20:13:32.654"/>
</suite>
<statistics>
<total>
<stat pass="9" fail="0" skip="0">All Tests</stat>
</total>
<tag>
</tag>
<suite>
<stat pass="9" fail="0" skip="0" id="s1" name="Tests">Tests</stat>
<stat pass="3" fail="0" skip="0" id="s1-s1" name="Login">Tests.Login</stat>
<stat pass="6" fail="0" skip="0" id="s1-s2" name="Register">Tests.Register</stat>
</suite>
</statistics>
<errors>
<msg timestamp="20231115 20:13:32.632" level="ERROR">Error in file '/home/hennisep/ohtu2023/palautusrepositorio/viikko3/login-robot/src/tests/resource.robot' on line 3: Library '..services/user_service.py' does not exist.</msg>
<msg timestamp="20231115 20:13:32.641" level="ERROR">Error in file '/home/hennisep/ohtu2023/palautusrepositorio/viikko3/login-robot/src/tests/resource.robot' on line 3: Library '..services/user_service.py' does not exist.</msg>
</errors>
</robot>
