<?xml version="1.0" encoding="UTF-8"?>
<robot generator="Robot 6.1.1 (Python 3.10.12 on linux)" generated="20231115 20:36:05.253" rpa="false" schemaversion="4">
<suite id="s1" name="Tests" source="/home/hennisep/ohtu2023/palautusrepositorio/viikko3/login-robot/src/tests">
<suite id="s1-s1" name="Login" source="/home/hennisep/ohtu2023/palautusrepositorio/viikko3/login-robot/src/tests/login.robot">
<test id="s1-s1-t1" name="Login With Correct Credentials" line="6">
<kw name="Create User And Input Login Command" type="SETUP">
<kw name="Create User" library="AppLibrary">
<arg>kalle</arg>
<arg>kalle123</arg>
<status status="PASS" starttime="20231115 20:36:05.274" endtime="20231115 20:36:05.274"/>
</kw>
<kw name="Input Login Command" library="resource">
<kw name="Input" library="AppLibrary">
<arg>login</arg>
<status status="PASS" starttime="20231115 20:36:05.274" endtime="20231115 20:36:05.274"/>
</kw>
<status status="PASS" starttime="20231115 20:36:05.274" endtime="20231115 20:36:05.274"/>
</kw>
<status status="PASS" starttime="20231115 20:36:05.274" endtime="20231115 20:36:05.274"/>
</kw>
<kw name="Input Credentials" library="resource">
<arg>kalle</arg>
<arg>kalle123</arg>
<kw name="Input" library="AppLibrary">
<arg>${username}</arg>
<status status="PASS" starttime="20231115 20:36:05.275" endtime="20231115 20:36:05.275"/>
</kw>
<kw name="Input" library="AppLibrary">
<arg>${password}</arg>
<status status="PASS" starttime="20231115 20:36:05.275" endtime="20231115 20:36:05.275"/>
</kw>
<kw name="Run Application" library="AppLibrary">
<status status="PASS" starttime="20231115 20:36:05.275" endtime="20231115 20:36:05.275"/>
</kw>
<status status="PASS" starttime="20231115 20:36:05.275" endtime="20231115 20:36:05.275"/>
</kw>
<kw name="Output Should Contain" library="AppLibrary">
<arg>Logged in</arg>
<status status="PASS" starttime="20231115 20:36:05.275" endtime="20231115 20:36:05.275"/>
</kw>
<status status="PASS" starttime="20231115 20:36:05.273" endtime="20231115 20:36:05.276"/>
</test>
<test id="s1-s1-t2" name="Login With Incorrect Password" line="10">
<kw name="Create User And Input Login Command" type="SETUP">
<kw name="Create User" library="AppLibrary">
<arg>kalle</arg>
<arg>kalle123</arg>
<status status="PASS" starttime="20231115 20:36:05.276" endtime="20231115 20:36:05.276"/>
</kw>
<kw name="Input Login Command" library="resource">
<kw name="Input" library="AppLibrary">
<arg>login</arg>
<status status="PASS" starttime="20231115 20:36:05.276" endtime="20231115 20:36:05.277"/>
</kw>
<status status="PASS" starttime="20231115 20:36:05.276" endtime="20231115 20:36:05.277"/>
</kw>
<status status="PASS" starttime="20231115 20:36:05.276" endtime="20231115 20:36:05.277"/>
</kw>
<kw name="Input Credentials" library="resource">
<arg>kalle</arg>
<arg>jee</arg>
<kw name="Input" library="AppLibrary">
<arg>${username}</arg>
<status status="PASS" starttime="20231115 20:36:05.277" endtime="20231115 20:36:05.277"/>
</kw>
<kw name="Input" library="AppLibrary">
<arg>${password}</arg>
<status status="PASS" starttime="20231115 20:36:05.277" endtime="20231115 20:36:05.277"/>
</kw>
<kw name="Run Application" library="AppLibrary">
<status status="PASS" starttime="20231115 20:36:05.277" endtime="20231115 20:36:05.277"/>
</kw>
<status status="PASS" starttime="20231115 20:36:05.277" endtime="20231115 20:36:05.277"/>
</kw>
<kw name="Output Should Contain" library="AppLibrary">
<arg>Invalid username or password</arg>
<status status="PASS" starttime="20231115 20:36:05.277" endtime="20231115 20:36:05.277"/>
</kw>
<status status="PASS" starttime="20231115 20:36:05.276" endtime="20231115 20:36:05.277"/>
</test>
<test id="s1-s1-t3" name="Login With Nonexistent Username" line="15">
<kw name="Create User And Input Login Command" type="SETUP">
<kw name="Create User" library="AppLibrary">
<arg>kalle</arg>
<arg>kalle123</arg>
<status status="PASS" starttime="20231115 20:36:05.278" endtime="20231115 20:36:05.278"/>
</kw>
<kw name="Input Login Command" library="resource">
<kw name="Input" library="AppLibrary">
<arg>login</arg>
<status status="PASS" starttime="20231115 20:36:05.278" endtime="20231115 20:36:05.278"/>
</kw>
<status status="PASS" starttime="20231115 20:36:05.278" endtime="20231115 20:36:05.279"/>
</kw>
<status status="PASS" starttime="20231115 20:36:05.278" endtime="20231115 20:36:05.279"/>
</kw>
<kw name="Input Credentials" library="resource">
<arg>wrong</arg>
<arg>kalle123</arg>
<kw name="Input" library="AppLibrary">
<arg>${username}</arg>
<status status="PASS" starttime="20231115 20:36:05.279" endtime="20231115 20:36:05.279"/>
</kw>
<kw name="Input" library="AppLibrary">
<arg>${password}</arg>
<status status="PASS" starttime="20231115 20:36:05.279" endtime="20231115 20:36:05.279"/>
</kw>
<kw name="Run Application" library="AppLibrary">
<status status="PASS" starttime="20231115 20:36:05.279" endtime="20231115 20:36:05.279"/>
</kw>
<status status="PASS" starttime="20231115 20:36:05.279" endtime="20231115 20:36:05.279"/>
</kw>
<kw name="Output Should Contain" library="AppLibrary">
<arg>Invalid username or password</arg>
<status status="PASS" starttime="20231115 20:36:05.279" endtime="20231115 20:36:05.279"/>
</kw>
<status status="PASS" starttime="20231115 20:36:05.278" endtime="20231115 20:36:05.279"/>
</test>
<status status="PASS" starttime="20231115 20:36:05.268" endtime="20231115 20:36:05.280"/>
</suite>
<suite id="s1-s2" name="Register" source="/home/hennisep/ohtu2023/palautusrepositorio/viikko3/login-robot/src/tests/register.robot">
<test id="s1-s2-t1" name="Register With Valid Username And Password" line="6">
<kw name="Create New Command And Create User" type="SETUP">
<kw name="Create User" library="AppLibrary">
<arg>hennipenni</arg>
<arg>moikkuli123</arg>
<status status="PASS" starttime="20231115 20:36:05.282" endtime="20231115 20:36:05.283"/>
</kw>
<kw name="Input New Command" library="resource">
<kw name="Input" library="AppLibrary">
<arg>new</arg>
<status status="PASS" starttime="20231115 20:36:05.283" endtime="20231115 20:36:05.283"/>
</kw>
<status status="PASS" starttime="20231115 20:36:05.283" endtime="20231115 20:36:05.283"/>
</kw>
<status status="PASS" starttime="20231115 20:36:05.282" endtime="20231115 20:36:05.283"/>
</kw>
<kw name="Input Credentials" library="resource">
<arg>hhhenni</arg>
<arg>moikkuli123</arg>
<kw name="Input" library="AppLibrary">
<arg>${username}</arg>
<status status="PASS" starttime="20231115 20:36:05.283" endtime="20231115 20:36:05.283"/>
</kw>
<kw name="Input" library="AppLibrary">
<arg>${password}</arg>
<status status="PASS" starttime="20231115 20:36:05.283" endtime="20231115 20:36:05.283"/>
</kw>
<kw name="Run Application" library="AppLibrary">
<status status="PASS" starttime="20231115 20:36:05.283" endtime="20231115 20:36:05.284"/>
</kw>
<status status="PASS" starttime="20231115 20:36:05.283" endtime="20231115 20:36:05.284"/>
</kw>
<kw name="Output Should Contain" library="AppLibrary">
<arg>New user registered</arg>
<status status="PASS" starttime="20231115 20:36:05.284" endtime="20231115 20:36:05.284"/>
</kw>
<status status="PASS" starttime="20231115 20:36:05.282" endtime="20231115 20:36:05.284"/>
</test>
<test id="s1-s2-t2" name="Register With Already Taken Username And Valid Password" line="10">
<kw name="Create New Command And Create User" type="SETUP">
<kw name="Create User" library="AppLibrary">
<arg>hennipenni</arg>
<arg>moikkuli123</arg>
<status status="PASS" starttime="20231115 20:36:05.284" endtime="20231115 20:36:05.285"/>
</kw>
<kw name="Input New Command" library="resource">
<kw name="Input" library="AppLibrary">
<arg>new</arg>
<status status="PASS" starttime="20231115 20:36:05.285" endtime="20231115 20:36:05.285"/>
</kw>
<status status="PASS" starttime="20231115 20:36:05.285" endtime="20231115 20:36:05.285"/>
</kw>
<status status="PASS" starttime="20231115 20:36:05.284" endtime="20231115 20:36:05.285"/>
</kw>
<kw name="Input Credentials" library="resource">
<arg>hennipenni</arg>
<arg>salasana1</arg>
<kw name="Input" library="AppLibrary">
<arg>${username}</arg>
<status status="PASS" starttime="20231115 20:36:05.285" endtime="20231115 20:36:05.285"/>
</kw>
<kw name="Input" library="AppLibrary">
<arg>${password}</arg>
<status status="PASS" starttime="20231115 20:36:05.285" endtime="20231115 20:36:05.286"/>
</kw>
<kw name="Run Application" library="AppLibrary">
<status status="PASS" starttime="20231115 20:36:05.286" endtime="20231115 20:36:05.286"/>
</kw>
<status status="PASS" starttime="20231115 20:36:05.285" endtime="20231115 20:36:05.286"/>
</kw>
<kw name="Output Should Contain" library="AppLibrary">
<arg>User with username hennipenni already exists</arg>
<status status="PASS" starttime="20231115 20:36:05.286" endtime="20231115 20:36:05.286"/>
</kw>
<status status="PASS" starttime="20231115 20:36:05.284" endtime="20231115 20:36:05.286"/>
</test>
<test id="s1-s2-t3" name="Register With Too Short Username And Valid Password" line="14">
<kw name="Create New Command And Create User" type="SETUP">
<kw name="Create User" library="AppLibrary">
<arg>hennipenni</arg>
<arg>moikkuli123</arg>
<status status="PASS" starttime="20231115 20:36:05.287" endtime="20231115 20:36:05.287"/>
</kw>
<kw name="Input New Command" library="resource">
<kw name="Input" library="AppLibrary">
<arg>new</arg>
<status status="PASS" starttime="20231115 20:36:05.287" endtime="20231115 20:36:05.287"/>
</kw>
<status status="PASS" starttime="20231115 20:36:05.287" endtime="20231115 20:36:05.287"/>
</kw>
<status status="PASS" starttime="20231115 20:36:05.286" endtime="20231115 20:36:05.287"/>
</kw>
<kw name="Input Credentials" library="resource">
<arg>he</arg>
<arg>salasana1</arg>
<kw name="Input" library="AppLibrary">
<arg>${username}</arg>
<status status="PASS" starttime="20231115 20:36:05.287" endtime="20231115 20:36:05.287"/>
</kw>
<kw name="Input" library="AppLibrary">
<arg>${password}</arg>
<status status="PASS" starttime="20231115 20:36:05.288" endtime="20231115 20:36:05.288"/>
</kw>
<kw name="Run Application" library="AppLibrary">
<status status="PASS" starttime="20231115 20:36:05.288" endtime="20231115 20:36:05.288"/>
</kw>
<status status="PASS" starttime="20231115 20:36:05.287" endtime="20231115 20:36:05.288"/>
</kw>
<kw name="Output Should Contain" library="AppLibrary">
<arg>Username is too short</arg>
<status status="PASS" starttime="20231115 20:36:05.288" endtime="20231115 20:36:05.288"/>
</kw>
<status status="PASS" starttime="20231115 20:36:05.286" endtime="20231115 20:36:05.288"/>
</test>
<test id="s1-s2-t4" name="Register With Enough Long But Invalid Username And Valid Password" line="18">
<kw name="Create New Command And Create User" type="SETUP">
<kw name="Create User" library="AppLibrary">
<arg>hennipenni</arg>
<arg>moikkuli123</arg>
<status status="PASS" starttime="20231115 20:36:05.289" endtime="20231115 20:36:05.289"/>
</kw>
<kw name="Input New Command" library="resource">
<kw name="Input" library="AppLibrary">
<arg>new</arg>
<status status="PASS" starttime="20231115 20:36:05.289" endtime="20231115 20:36:05.289"/>
</kw>
<status status="PASS" starttime="20231115 20:36:05.289" endtime="20231115 20:36:05.289"/>
</kw>
<status status="PASS" starttime="20231115 20:36:05.288" endtime="20231115 20:36:05.289"/>
</kw>
<kw name="Input Credentials" library="resource">
<arg>henzzuu123</arg>
<arg>salasana1</arg>
<kw name="Input" library="AppLibrary">
<arg>${username}</arg>
<status status="PASS" starttime="20231115 20:36:05.289" endtime="20231115 20:36:05.289"/>
</kw>
<kw name="Input" library="AppLibrary">
<arg>${password}</arg>
<status status="PASS" starttime="20231115 20:36:05.289" endtime="20231115 20:36:05.289"/>
</kw>
<kw name="Run Application" library="AppLibrary">
<status status="PASS" starttime="20231115 20:36:05.290" endtime="20231115 20:36:05.290"/>
</kw>
<status status="PASS" starttime="20231115 20:36:05.289" endtime="20231115 20:36:05.290"/>
</kw>
<kw name="Output Should Contain" library="AppLibrary">
<arg>Username needs to only contain letters a-z</arg>
<status status="PASS" starttime="20231115 20:36:05.290" endtime="20231115 20:36:05.290"/>
</kw>
<status status="PASS" starttime="20231115 20:36:05.288" endtime="20231115 20:36:05.290"/>
</test>
<test id="s1-s2-t5" name="Register With Valid Username And Too Short Password" line="22">
<kw name="Create New Command And Create User" type="SETUP">
<kw name="Create User" library="AppLibrary">
<arg>hennipenni</arg>
<arg>moikkuli123</arg>
<status status="PASS" starttime="20231115 20:36:05.290" endtime="20231115 20:36:05.291"/>
</kw>
<kw name="Input New Command" library="resource">
<kw name="Input" library="AppLibrary">
<arg>new</arg>
<status status="PASS" starttime="20231115 20:36:05.291" endtime="20231115 20:36:05.291"/>
</kw>
<status status="PASS" starttime="20231115 20:36:05.291" endtime="20231115 20:36:05.291"/>
</kw>
<status status="PASS" starttime="20231115 20:36:05.290" endtime="20231115 20:36:05.291"/>
</kw>
<kw name="Input Credentials" library="resource">
<arg>hehenni</arg>
<arg>sala1</arg>
<kw name="Input" library="AppLibrary">
<arg>${username}</arg>
<status status="PASS" starttime="20231115 20:36:05.291" endtime="20231115 20:36:05.291"/>
</kw>
<kw name="Input" library="AppLibrary">
<arg>${password}</arg>
<status status="PASS" starttime="20231115 20:36:05.291" endtime="20231115 20:36:05.291"/>
</kw>
<kw name="Run Application" library="AppLibrary">
<status status="PASS" starttime="20231115 20:36:05.291" endtime="20231115 20:36:05.292"/>
</kw>
<status status="PASS" starttime="20231115 20:36:05.291" endtime="20231115 20:36:05.292"/>
</kw>
<kw name="Output Should Contain" library="AppLibrary">
<arg>Password is too short</arg>
<status status="PASS" starttime="20231115 20:36:05.292" endtime="20231115 20:36:05.292"/>
</kw>
<status status="PASS" starttime="20231115 20:36:05.290" endtime="20231115 20:36:05.292"/>
</test>
<test id="s1-s2-t6" name="Register With Valid Username And Long Enough Password Containing Only Letters" line="26">
<kw name="Create New Command And Create User" type="SETUP">
<kw name="Create User" library="AppLibrary">
<arg>hennipenni</arg>
<arg>moikkuli123</arg>
<status status="PASS" starttime="20231115 20:36:05.292" endtime="20231115 20:36:05.292"/>
</kw>
<kw name="Input New Command" library="resource">
<kw name="Input" library="AppLibrary">
<arg>new</arg>
<status status="PASS" starttime="20231115 20:36:05.293" endtime="20231115 20:36:05.293"/>
</kw>
<status status="PASS" starttime="20231115 20:36:05.292" endtime="20231115 20:36:05.293"/>
</kw>
<status status="PASS" starttime="20231115 20:36:05.292" endtime="20231115 20:36:05.293"/>
</kw>
<kw name="Input Credentials" library="resource">
<arg>hehehenni</arg>
<arg>salasalas</arg>
<kw name="Input" library="AppLibrary">
<arg>${username}</arg>
<status status="PASS" starttime="20231115 20:36:05.293" endtime="20231115 20:36:05.293"/>
</kw>
<kw name="Input" library="AppLibrary">
<arg>${password}</arg>
<status status="PASS" starttime="20231115 20:36:05.293" endtime="20231115 20:36:05.293"/>
</kw>
<kw name="Run Application" library="AppLibrary">
<status status="PASS" starttime="20231115 20:36:05.293" endtime="20231115 20:36:05.293"/>
</kw>
<status status="PASS" starttime="20231115 20:36:05.293" endtime="20231115 20:36:05.293"/>
</kw>
<kw name="Output Should Contain" library="AppLibrary">
<arg>Password can't only contain letters a-z. Add i.e number</arg>
<status status="PASS" starttime="20231115 20:36:05.293" endtime="20231115 20:36:05.294"/>
</kw>
<status status="PASS" starttime="20231115 20:36:05.292" endtime="20231115 20:36:05.294"/>
</test>
<status status="PASS" starttime="20231115 20:36:05.280" endtime="20231115 20:36:05.294"/>
</suite>
<status status="PASS" starttime="20231115 20:36:05.254" endtime="20231115 20:36:05.294"/>
</suite>
<statistics>
<total>
<stat pass="9" fail="0" skip="0">All Tests</stat>
</total>
<tag>
</tag>
<suite>
<stat pass="9" fail="0" skip="0" id="s1" name="Tests">Tests</stat>
<stat pass="3" fail="0" skip="0" id="s1-s1" name="Login">Tests.Login</stat>
<stat pass="6" fail="0" skip="0" id="s1-s2" name="Register">Tests.Register</stat>
</suite>
</statistics>
<errors>
<msg timestamp="20231115 20:36:05.273" level="WARN">Imported library '/home/hennisep/ohtu2023/palautusrepositorio/viikko3/login-robot/src/services/user_service.py' contains no keywords.</msg>
</errors>
</robot>
